<?xml version="1.0" encoding="UTF-8"?>
<!-- Generated by org.testng.reporters.JUnitXMLReporter -->
<testsuite hostname="DESKTOP-Q5KEB7N" name="Default test" tests="22" failures="0" timestamp="27 May 2019 10:14:02 GMT" time="43.452" errors="0">
  <testcase name="ClcikSignUp" time="1.178" classname="com.hAIbooks.qa.TestPages.TestBusinessOwner"/>
  <testcase name="ColorNextButtonTest" time="10.066" classname="com.hAIbooks.qa.TestPages.TestBusinessOwner"/>
  <testcase name="ClcikNextButtonTest" time="5.092" classname="com.hAIbooks.qa.TestPages.TestBusinessOwner"/>
  <testcase name="ToverifyContentTest" time="5.057" classname="com.hAIbooks.qa.TestPages.TestBusinessOwner"/>
  <testcase name="ToverifyTextIsPresentTest" time="0.042" classname="com.hAIbooks.qa.TestPages.TestBusinessOwner"/>
  <testcase name="ClickBusinessOwnerTest" time="0.082" classname="com.hAIbooks.qa.TestPages.TestBusinessOwner"/>
  <testcase name="ToVerifyColorOfNextButtonTest" time="0.038" classname="com.hAIbooks.qa.TestPages.TestBusinessOwner"/>
  <testcase name="ToReVerifyTextIsPresent" time="5.026" classname="com.hAIbooks.qa.TestPages.TestBusinessOwner"/>
  <testcase name="ReClickNextButtonTest" time="0.087" classname="com.hAIbooks.qa.TestPages.TestBusinessOwner"/>
  <testcase name="PhoneNumberValidationTest" time="0.23" classname="com.hAIbooks.qa.TestPages.TestBusinessOwner"/>
  <testcase name="MinimumCharacterValidationPassworsTest" time="0.278" classname="com.hAIbooks.qa.TestPages.TestBusinessOwner"/>
  <testcase name="MaximumCharacterValidationPaaswordTest" time="0.968" classname="com.hAIbooks.qa.TestPages.TestBusinessOwner"/>
  <testcase name="CharacterLimitationFirstNameTest" time="0.443" classname="com.hAIbooks.qa.TestPages.TestBusinessOwner"/>
  <testcase name="CharacterLimitationLastNameTest" time="0.351" classname="com.hAIbooks.qa.TestPages.TestBusinessOwner"/>
  <testcase name="ClearSignUpPageTest" time="5.196" classname="com.hAIbooks.qa.TestPages.TestBusinessOwner"/>
  <testcase name="ClickGetStartedTest" time="0.08" classname="com.hAIbooks.qa.TestPages.TestBusinessOwner"/>
  <testcase name="ErrorMessageFirstNameTest" time="0.059" classname="com.hAIbooks.qa.TestPages.TestBusinessOwner"/>
  <testcase name="ErrorMessageLastNameTest" time="0.044" classname="com.hAIbooks.qa.TestPages.TestBusinessOwner"/>
  <testcase name="ErrorMessageEmailIDTest" time="0.039" classname="com.hAIbooks.qa.TestPages.TestBusinessOwner"/>
  <testcase name="ErrorMessagePhoneNumTest" time="0.051" classname="com.hAIbooks.qa.TestPages.TestBusinessOwner"/>
  <testcase name="ErrorCreatePasswordTest" time="0.034" classname="com.hAIbooks.qa.TestPages.TestBusinessOwner"/>
  <testcase name="ErrorConfirmPasswordTest" time="0.056" classname="com.hAIbooks.qa.TestPages.TestBusinessOwner"/>
</testsuite> <!-- Default test -->
